<?xml version="1.0" encoding="UTF-8"?>
<!-- Generated by org.testng.reporters.JUnitReportReporter -->
<testsuite hostname="Bazile88-PC" failures="0" tests="4" name="tests.LoginTest" time="42.883" errors="0" timestamp="2022-06-14T23:08:07 EDT" skipped="0">
  <testcase classname="tests.LoginTest" name="testManagerLogin" time="10.378"/>
  <system-out/>
  <testcase classname="tests.LoginTest" name="testCustomerLogout" time="13.409"/>
  <system-out/>
  <testcase classname="tests.LoginTest" name="testLoginPageTitle" time="5.950"/>
  <system-out/>
  <testcase classname="tests.LoginTest" name="testCustomerLogin" time="13.146"/>
  <system-out/>
</testsuite> <!-- tests.LoginTest -->
