<?xml version="1.0" encoding="UTF-8"?>
<!-- Generated by org.testng.reporters.JUnitReportReporter -->
<testsuite hostname="Bazile88-PC" failures="0" tests="1" name="tests.ManagerTest" time="5.861" errors="0" timestamp="2022-06-14T23:08:07 EDT" skipped="0">
  <testcase classname="tests.ManagerTest" name="testAddCustomer" time="5.861"/>
  <system-out/>
</testsuite> <!-- tests.ManagerTest -->
