<?xml version="1.0" encoding="UTF-8"?>
<!-- Generated by org.testng.reporters.JUnitReportReporter -->
<testsuite hostname="Bazile88-PC" failures="0" tests="1" name="tests.CustomerTest" time="14.706" errors="0" timestamp="2022-06-14T23:08:07 EDT" skipped="0">
  <testcase classname="tests.CustomerTest" name="testCustomerViewTransactions" time="14.706"/>
  <system-out/>
</testsuite> <!-- tests.CustomerTest -->
